Created by PLY version 3.11 (http://www.dabeaz.com/ply)

Unused terminals:

    COMMENT
    FLOAT
    GATO
    ID
    INTEGER
    PERRO

Grammar

Rule 0     S' -> INIT
Rule 1     INIT -> S
Rule 2     S -> WORD S
Rule 3     S -> <empty>

Terminals, with rules where they appear

COMMENT              : 
FLOAT                : 
GATO                 : 
ID                   : 
INTEGER              : 
PERRO                : 
error                : 

Nonterminals, with rules where they appear

INIT                 : 0
S                    : 1 2
WORD                 : 2

